<?xml version="1.0" encoding="UTF-8"?>
<!-- Generated by org.testng.reporters.JUnitXMLReporter -->
<testsuite ignored="0" hostname="Mayuresh-PC" failures="1" tests="3" name="Error Validation Test" time="8.036" errors="0" timestamp="2025-06-27T14:10:56 IST">
  <testcase classname="mayureshAcademy.texts.ErrorValidation" name="loginErrorValidation" time="0.857">
    <skipped/>
  </testcase> <!-- loginErrorValidation -->
  <testcase classname="mayureshAcademy.texts.ErrorValidation" name="loginErrorValidation" time="0.326">
    <failure type="java.lang.AssertionError" message="expected [Incorrect email or password.] but found [Incorrect email password.]">
      <![CDATA[java.lang.AssertionError: expected [Incorrect email or password.] but found [Incorrect email password.]
at mayureshAcademy.texts.ErrorValidation.loginErrorValidation(ErrorValidation.java:20)
at java.base/java.util.ArrayList.forEach(ArrayList.java:1596)
... Removed 31 stack frames]]>
    </failure>
  </testcase> <!-- loginErrorValidation -->
  <testcase classname="mayureshAcademy.texts.ErrorValidation" name="productErrorValidation" time="0.866"/>
</testsuite> <!-- Error Validation Test -->
